<!DOCTYPE suite SYSTEM "https://testng.org/testng-1.0.dtd" >

<suite name="Full Regression" verbose="1" >
    <parameter name="url" value="https://practicesoftwaretesting.com/#/"/>

    <test name="All Tests Chrome" >
        <parameter name="browser" value="chrome"/>
        <packages>
            <package name="purchaseProducts" />
        </packages>
    </test>

    <test name="All Tests Firefox" >
        <parameter name="browser" value="firefox"/>
        <packages>
            <package name="purchaseProducts" />
        </packages>
    </test>


</suite>
